<?xml version="1.0" encoding="UTF-8"?>
<!-- Generated by org.testng.reporters.JUnitXMLReporter -->
<testsuite ignored="0" hostname="SILICUS524" failures="0" tests="3" name="Test" time="118.459" errors="0" timestamp="2020-05-14T12:33:32 IST">
  <testcase classname="demoMavenProject2.NavigationBar" name="Test2_unOrderedList" time="2.244"/>
  <testcase classname="demoMavenProject2.NavigationBar" name="Test3_unOrderedList" time="5.555"/>
  <testcase classname="demoMavenProject2.Searchfunctionality" name="Test2_useSearchFunctionality" time="8.831"/>
</testsuite> <!-- Test -->
