<?xml version="1.0" encoding="UTF-8"?>
<!-- Generated by org.testng.reporters.JUnitXMLReporter -->
<testsuite ignored="21" hostname="SILICUS524" failures="0" tests="2" name="Test1" time="289.491" errors="0" timestamp="2020-05-14T21:27:18 IST">
  <testcase classname="demoMavenProject2.Searchfunctionality" name="Test11_testORDER_HISTORY_Page" time="146.68"/>
  <testcase classname="demoMavenProject2.NavigationBar" name="Test11_testORDER_HISTORY_Page" time="116.272"/>
  <testcase classname="demoMavenProject2.NavigationBar" name="Test2_unOrderedList" time="0.0">
    <ignored/>
  </testcase> <!-- Test2_unOrderedList -->
  <testcase classname="demoMavenProject2.NavigationBar" name="Test10_Order_Summury_Page" time="0.0">
    <ignored/>
  </testcase> <!-- Test10_Order_Summury_Page -->
  <testcase classname="demoMavenProject2.NavigationBar" name="Test7_ADDRESSES_verification" time="0.0">
    <ignored/>
  </testcase> <!-- Test7_ADDRESSES_verification -->
  <testcase classname="demoMavenProject2.Searchfunctionality" name="Test3_OpenSearchedProductsInNewTab" time="0.0">
    <ignored/>
  </testcase> <!-- Test3_OpenSearchedProductsInNewTab -->
  <testcase classname="demoMavenProject2.Searchfunctionality" name="Test9_SelectPaymentMethod" time="0.0">
    <ignored/>
  </testcase> <!-- Test9_SelectPaymentMethod -->
  <testcase classname="demoMavenProject2.NavigationBar" name="Test11_Order_Summury_Page" time="0.0">
    <ignored/>
  </testcase> <!-- Test11_Order_Summury_Page -->
  <testcase classname="demoMavenProject2.Searchfunctionality" name="Test2_testSearchfunction" time="0.0">
    <ignored/>
  </testcase> <!-- Test2_testSearchfunction -->
  <testcase classname="demoMavenProject2.Searchfunctionality" name="Test6_UserAuthtification" time="0.0">
    <ignored/>
  </testcase> <!-- Test6_UserAuthtification -->
  <testcase classname="demoMavenProject2.Searchfunctionality" name="Test5_ShppingCartSummary_" time="0.0">
    <ignored/>
  </testcase> <!-- Test5_ShppingCartSummary_ -->
  <testcase classname="demoMavenProject2.Searchfunctionality" name="Test8_ShippingPage" time="0.0">
    <ignored/>
  </testcase> <!-- Test8_ShippingPage -->
  <testcase classname="demoMavenProject2.NavigationBar" name="Test3_OpenSearchedProductsInNewTab" time="0.0">
    <ignored/>
  </testcase> <!-- Test3_OpenSearchedProductsInNewTab -->
  <testcase classname="demoMavenProject2.Searchfunctionality" name="Test10_Order_Summury_Page" time="0.0">
    <ignored/>
  </testcase> <!-- Test10_Order_Summury_Page -->
  <testcase classname="demoMavenProject2.Searchfunctionality" name="Test7_ADDRESSES_verification" time="0.0">
    <ignored/>
  </testcase> <!-- Test7_ADDRESSES_verification -->
  <testcase classname="demoMavenProject2.NavigationBar" name="Test4_AddtoCartSearchedProductsFromNewTab" time="0.0">
    <ignored/>
  </testcase> <!-- Test4_AddtoCartSearchedProductsFromNewTab -->
  <testcase classname="demoMavenProject2.Searchfunctionality" name="Test11_Order_Summury_Page" time="0.0">
    <ignored/>
  </testcase> <!-- Test11_Order_Summury_Page -->
  <testcase classname="demoMavenProject2.NavigationBar" name="Test9_SelectPaymentMethod" time="0.0">
    <ignored/>
  </testcase> <!-- Test9_SelectPaymentMethod -->
  <testcase classname="demoMavenProject2.NavigationBar" name="Test1_Invoke_homepage" time="0.0">
    <ignored/>
  </testcase> <!-- Test1_Invoke_homepage -->
  <testcase classname="demoMavenProject2.Searchfunctionality" name="Test4_AddtoCartSearchedProductsFromNewTab" time="0.0">
    <ignored/>
  </testcase> <!-- Test4_AddtoCartSearchedProductsFromNewTab -->
  <testcase classname="demoMavenProject2.NavigationBar" name="Test6_UserAuthtification" time="0.0">
    <ignored/>
  </testcase> <!-- Test6_UserAuthtification -->
  <testcase classname="demoMavenProject2.NavigationBar" name="Test8_ShippingPage" time="0.0">
    <ignored/>
  </testcase> <!-- Test8_ShippingPage -->
  <testcase classname="demoMavenProject2.NavigationBar" name="Test5_ShppingCartSummary_" time="0.0">
    <ignored/>
  </testcase> <!-- Test5_ShppingCartSummary_ -->
</testsuite> <!-- Test1 -->
